287 행: WMP 컨트롤의 WMPOCXCtl.WMPOCX 클래스는 로드한 컨트롤 클래스가 아닙니다.
293 행: WMP의 URL 속성 이름이 잘못되었습니다. 
294 행: WMP의 rate 속성 이름이 잘못되었습니다. 
295 행: WMP의 balance 속성 이름이 잘못되었습니다. 
296 행: WMP의 currentPosition 속성 이름이 잘못되었습니다. 
297 행: WMP의 defaultFrame 속성 이름이 잘못되었습니다. 
298 행: WMP의 playCount 속성 이름이 잘못되었습니다. 
299 행: WMP의 autoStart 속성 이름이 잘못되었습니다. 
300 행: WMP의 currentMarker 속성 이름이 잘못되었습니다. 
301 행: WMP의 invokeURLs 속성 이름이 잘못되었습니다. 
302 행: WMP의 baseURL 속성 이름이 잘못되었습니다. 
303 행: WMP의 volume 속성 이름이 잘못되었습니다. 
304 행: WMP의 mute 속성 이름이 잘못되었습니다. 
305 행: WMP의 uiMode 속성 이름이 잘못되었습니다. 
306 행: WMP의 stretchToFit 속성 이름이 잘못되었습니다. 
307 행: WMP의 windowlessVideo 속성 이름이 잘못되었습니다. 
309 행: WMP의 enableContextMenu 속성 이름이 잘못되었습니다. 
310 행: WMP의 fullScreen 속성 이름이 잘못되었습니다. 
311 행: WMP의 SAMIStyle 속성 이름이 잘못되었습니다. 
312 행: WMP의 SAMILang 속성 이름이 잘못되었습니다. 
313 행: WMP의 SAMIFilename 속성 이름이 잘못되었습니다. 
314 행: WMP의 captioningID 속성 이름이 잘못되었습니다. 
293 행: WMP의 URL 속성 이름이 잘못되었습니다. 
294 행: WMP의 rate 속성 이름이 잘못되었습니다. 
295 행: WMP의 balance 속성 이름이 잘못되었습니다. 
296 행: WMP의 currentPosition 속성 이름이 잘못되었습니다. 
297 행: WMP의 defaultFrame 속성 이름이 잘못되었습니다. 
298 행: WMP의 playCount 속성 이름이 잘못되었습니다. 
299 행: WMP의 autoStart 속성 이름이 잘못되었습니다. 
300 행: WMP의 currentMarker 속성 이름이 잘못되었습니다. 
301 행: WMP의 invokeURLs 속성 이름이 잘못되었습니다. 
302 행: WMP의 baseURL 속성 이름이 잘못되었습니다. 
303 행: WMP의 volume 속성 이름이 잘못되었습니다. 
304 행: WMP의 mute 속성 이름이 잘못되었습니다. 
305 행: WMP의 uiMode 속성 이름이 잘못되었습니다. 
306 행: WMP의 stretchToFit 속성 이름이 잘못되었습니다. 
307 행: WMP의 windowlessVideo 속성 이름이 잘못되었습니다. 
309 행: WMP의 enableContextMenu 속성 이름이 잘못되었습니다. 
310 행: WMP의 fullScreen 속성 이름이 잘못되었습니다. 
311 행: WMP의 SAMIStyle 속성 이름이 잘못되었습니다. 
312 행: WMP의 SAMILang 속성 이름이 잘못되었습니다. 
313 행: WMP의 SAMIFilename 속성 이름이 잘못되었습니다. 
314 행: WMP의 captioningID 속성 이름이 잘못되었습니다. 
